<?xml version="1.0" encoding="UTF-8"?>
<!-- Generated by org.testng.reporters.JUnitReportReporter -->
<testsuite skipped="0" hostname="KAMAL" name="parallel.ParallelRun" tests="3" failures="0" timestamp="30 Jul 2021 06:40:37 GMT" time="681.795" errors="0">
  <testcase name="runScenario" time="224.973" classname="parallel.ParallelRun"/>
  <testcase name="runScenario" time="229.222" classname="parallel.ParallelRun"/>
  <testcase name="runScenario" time="227.600" classname="parallel.ParallelRun"/>
</testsuite> <!-- parallel.ParallelRun -->
