<?xml version="1.0" encoding="UTF-8"?>
<!-- Generated by org.testng.reporters.JUnitReportReporter -->
<testsuite skipped="0" hostname="KAMAL" name="parallel.ParallelRun" tests="2" failures="0" timestamp="01 Aug 2021 09:33:14 GMT" time="216.278" errors="0">
  <testcase name="runScenario" time="106.255" classname="parallel.ParallelRun"/>
  <testcase name="runScenario" time="110.023" classname="parallel.ParallelRun"/>
</testsuite> <!-- parallel.ParallelRun -->
