<?xml version="1.0" encoding="UTF-8"?>
<!-- Generated by org.testng.reporters.JUnitReportReporter -->
<testsuite skipped="0" hostname="KAMAL" name="parallel.ParallelRun" tests="1" failures="0" timestamp="31 Jul 2021 17:07:59 GMT" time="85.890" errors="0">
  <testcase name="runScenario" time="85.890" classname="parallel.ParallelRun"/>
</testsuite> <!-- parallel.ParallelRun -->
