<?xml version="1.0" encoding="UTF-8"?>
<!-- Generated by org.testng.reporters.JUnitReportReporter -->
<testsuite skipped="0" hostname="KAMAL" name="parallel.ParallelRun" tests="9" failures="0" timestamp="26 Jun 2021 04:19:33 GMT" time="1747.220" errors="0">
  <testcase name="runScenario" time="149.798" classname="parallel.ParallelRun"/>
  <testcase name="runScenario" time="206.520" classname="parallel.ParallelRun"/>
  <testcase name="runScenario" time="148.175" classname="parallel.ParallelRun"/>
  <testcase name="runScenario" time="206.599" classname="parallel.ParallelRun"/>
  <testcase name="runScenario" time="199.244" classname="parallel.ParallelRun"/>
  <testcase name="runScenario" time="198.514" classname="parallel.ParallelRun"/>
  <testcase name="runScenario" time="204.003" classname="parallel.ParallelRun"/>
  <testcase name="runScenario" time="225.492" classname="parallel.ParallelRun"/>
  <testcase name="runScenario" time="208.875" classname="parallel.ParallelRun"/>
</testsuite> <!-- parallel.ParallelRun -->
